<?xml version="1.0" encoding="UTF-8"?>
<testsuite xmlns:xsi="http://www.w3.org/2001/XMLSchema-instance" xsi:noNamespaceSchemaLocation="https://maven.apache.org/surefire/maven-surefire-plugin/xsd/surefire-test-report.xsd" version="3.0.2" name="QueryOutputFormatTest" time="11.587" tests="11" errors="1" skipped="0" failures="0">
  <properties>
[...]
</properties>
  <testcase name="testGetMethodNamesOfRequiredIndices" classname="QueryOutputFormatTest" time="0.952">
    <system-err><![CDATA[2024-10-06 21:43:02 INFO  DefaultConfigurationProvider:234 - Resolved seed nodes: [SeedNode{address='127.0.0.1'}]
2024-10-06 21:43:02 INFO  core:129 - [com.couchbase.core][CoreCreatedEvent] {"clientVersion":"3.7.3","clientGitHash":"c5bcd9e4","coreVersion":"3.7.3","coreGitHash":"c5bcd9e4","userAgent":"couchbase-java/3.7.3 (Linux 6.10.10-200.fc40.x86_64 amd64; OpenJDK 64-Bit Server VM 21.0.4+7-LTS)","maxNumRequestsInRetry":32768,"ioEnvironment":{"nativeIoEnabled":true,"eventLoopThreadCount":4,"eventLoopGroups":["EpollEventLoopGroup"]},"ioConfig":{"captureTraffic":[],"mutationTokensEnabled":true,"networkResolution":"auto","dnsSrvEnabled":true,"tcpKeepAlivesEnabled":true,"tcpKeepAliveTimeMs":60000,"configPollIntervalMs":2500,"kvCircuitBreakerConfig":"disabled","queryCircuitBreakerConfig":"disabled","viewCircuitBreakerConfig":"disabled","searchCircuitBreakerConfig":"disabled","analyticsCircuitBreakerConfig":"disabled","managerCircuitBreakerConfig":"disabled","eventingCircuitBreakerConfig":"disabled","backupCircuitBreakerConfig":"disabled","numKvConnections":1,"maxHttpConnections":12,"idleHttpConnectionTimeoutMs":1000,"configIdleRedialTimeoutMs":300000,"memcachedHashingStrategy":"StandardMemcachedHashingStrategy","timerConfig":{"numTimers":1,"tickDurationMs":10,"numBuckets":512}},"compressionConfig":{"enabled":true,"minRatio":0.83,"minSize":32},"securityConfig":{"tlsEnabled":false,"nativeTlsEnabled":true,"hostnameVerificationEnabled":true,"trustCertificates":null,"trustManagerFactory":null,"ciphers":[]},"timeoutConfig":{"kvMs":2500,"kvDurableMs":10000,"kvScanMs":75000,"managementMs":75000,"queryMs":75000,"viewMs":75000,"searchMs":75000,"analyticsMs":75000,"connectMs":10000,"disconnectMs":10000,"eventingMs":75000,"backupMs":75000},"loggerConfig":{"diagnosticContextEnabled":false},"orphanReporterConfig":{"emitIntervalMs":10000,"sampleSize":10,"queueLength":1024,"enabled":true},"thresholdLoggingTracerConfig":{"enabled":true,"emitIntervalMs":10000,"sampleSize":10,"queueLength":1024,"kvThresholdMs":500,"queryThresholdMs":1000,"searchThresholdMs":1000,"analyticsThresholdMs":1000,"viewThresholdMs":1000,"transactionsThresholdMs":5000},"loggingMeterConfig":{"enabled":true,"emitIntervalMs":600000},"retryStrategy":"BestEffortRetryStrategy","requestTracer":"ThresholdLoggingTracer","meter":"LoggingMeter","numRequestCallbacks":0,"scheduler":"ParallelScheduler","schedulerThreadCount":8,"transactionsConfig":{"durabilityLevel":"MAJORITY","timeoutMs":15000,"cleanupConfig":{"runLostAttemptsCleanupThread":true,"runRegularAttemptsCleanupThread":true,"cleanupWindowMs":60000,"cleanupSet":""},"numAtrs":1024,"metadataCollection":"none","scanConsistency":"none"}} {"connectionString":"couchbase://127.0.0.1","coreId":"0xe4a6b5ce00000001","numCoreInstances":1}
2024-10-06 21:43:02 INFO  transactions:129 - [com.couchbase.transactions][TransactionsStartedEvent] Transactions successfully initialised, regular cleanup enabled=true, lost cleanup enabled=true
2024-10-06 21:43:02 INFO  node:129 - [com.couchbase.node][NodeCreatedEvent] Node created {"coreId":"0xe4a6b5ce00000001","managerPort":"8091","remote":"127.0.0.1"}
2024-10-06 21:43:02 INFO  SnappyHelper:41 - Using fast Snappy compression codec because this is little-endian hardware and `sun.misc.Unsafe` is accessible.
2024-10-06 21:43:02 INFO  cleanup:107 - Waiting for 1 regular background threads to exit
2024-10-06 21:43:02 INFO  regular:134 - Stopping background cleanup thread for transactions from this client
2024-10-06 21:43:02 INFO  lost:153 - Client 6c110 stopping lost cleanup process, 0 threads running
2024-10-06 21:43:02 INFO  lost:191 - Client 6c110 stopped lost cleanup process and removed client from client records
2024-10-06 21:43:02 INFO  cleanup:121 - Background threads have exitted
2024-10-06 21:43:02 INFO  node:129 - [com.couchbase.node][NodeDisconnectedEvent][2704us] Node disconnected {"coreId":"0xe4a6b5ce00000001","managerPort":"8091","remote":"127.0.0.1"}
2024-10-06 21:43:02 INFO  core:129 - [com.couchbase.core][ShutdownCompletedEvent][7666us] Completed shutdown and closed all open buckets {"coreId":"0xe4a6b5ce00000001"}
]]></system-err>
  </testcase>
  <testcase name="testPlentifulDirectorsQuery" classname="QueryOutputFormatTest" time="1.035">
    <system-err><![CDATA[2024-10-06 21:43:03 INFO  DefaultConfigurationProvider:234 - Resolved seed nodes: [SeedNode{address='127.0.0.1'}]
2024-10-06 21:43:03 INFO  core:129 - [com.couchbase.core][CoreCreatedEvent] {"clientVersion":"3.7.3","clientGitHash":"c5bcd9e4","coreVersion":"3.7.3","coreGitHash":"c5bcd9e4","userAgent":"couchbase-java/3.7.3 (Linux 6.10.10-200.fc40.x86_64 amd64; OpenJDK 64-Bit Server VM 21.0.4+7-LTS)","maxNumRequestsInRetry":32768,"ioEnvironment":{"nativeIoEnabled":true,"eventLoopThreadCount":4,"eventLoopGroups":["EpollEventLoopGroup"]},"ioConfig":{"captureTraffic":[],"mutationTokensEnabled":true,"networkResolution":"auto","dnsSrvEnabled":true,"tcpKeepAlivesEnabled":true,"tcpKeepAliveTimeMs":60000,"configPollIntervalMs":2500,"kvCircuitBreakerConfig":"disabled","queryCircuitBreakerConfig":"disabled","viewCircuitBreakerConfig":"disabled","searchCircuitBreakerConfig":"disabled","analyticsCircuitBreakerConfig":"disabled","managerCircuitBreakerConfig":"disabled","eventingCircuitBreakerConfig":"disabled","backupCircuitBreakerConfig":"disabled","numKvConnections":1,"maxHttpConnections":12,"idleHttpConnectionTimeoutMs":1000,"configIdleRedialTimeoutMs":300000,"memcachedHashingStrategy":"StandardMemcachedHashingStrategy","timerConfig":{"numTimers":1,"tickDurationMs":10,"numBuckets":512}},"compressionConfig":{"enabled":true,"minRatio":0.83,"minSize":32},"securityConfig":{"tlsEnabled":false,"nativeTlsEnabled":true,"hostnameVerificationEnabled":true,"trustCertificates":null,"trustManagerFactory":null,"ciphers":[]},"timeoutConfig":{"kvMs":2500,"kvDurableMs":10000,"kvScanMs":75000,"managementMs":75000,"queryMs":75000,"viewMs":75000,"searchMs":75000,"analyticsMs":75000,"connectMs":10000,"disconnectMs":10000,"eventingMs":75000,"backupMs":75000},"loggerConfig":{"diagnosticContextEnabled":false},"orphanReporterConfig":{"emitIntervalMs":10000,"sampleSize":10,"queueLength":1024,"enabled":true},"thresholdLoggingTracerConfig":{"enabled":true,"emitIntervalMs":10000,"sampleSize":10,"queueLength":1024,"kvThresholdMs":500,"queryThresholdMs":1000,"searchThresholdMs":1000,"analyticsThresholdMs":1000,"viewThresholdMs":1000,"transactionsThresholdMs":5000},"loggingMeterConfig":{"enabled":true,"emitIntervalMs":600000},"retryStrategy":"BestEffortRetryStrategy","requestTracer":"ThresholdLoggingTracer","meter":"LoggingMeter","numRequestCallbacks":0,"scheduler":"ParallelScheduler","schedulerThreadCount":8,"transactionsConfig":{"durabilityLevel":"MAJORITY","timeoutMs":15000,"cleanupConfig":{"runLostAttemptsCleanupThread":true,"runRegularAttemptsCleanupThread":true,"cleanupWindowMs":60000,"cleanupSet":""},"numAtrs":1024,"metadataCollection":"none","scanConsistency":"none"}} {"connectionString":"couchbase://127.0.0.1","coreId":"0xe4a6b5ce00000002","numCoreInstances":1}
2024-10-06 21:43:03 INFO  transactions:129 - [com.couchbase.transactions][TransactionsStartedEvent] Transactions successfully initialised, regular cleanup enabled=true, lost cleanup enabled=true
2024-10-06 21:43:03 INFO  node:129 - [com.couchbase.node][NodeCreatedEvent] Node created {"coreId":"0xe4a6b5ce00000002","managerPort":"8091","remote":"127.0.0.1"}
2024-10-06 21:43:04 INFO  cleanup:107 - Waiting for 1 regular background threads to exit
2024-10-06 21:43:04 INFO  regular:134 - Stopping background cleanup thread for transactions from this client
2024-10-06 21:43:04 INFO  lost:153 - Client eb5f8 stopping lost cleanup process, 0 threads running
2024-10-06 21:43:04 INFO  lost:191 - Client eb5f8 stopped lost cleanup process and removed client from client records
2024-10-06 21:43:04 INFO  cleanup:121 - Background threads have exitted
2024-10-06 21:43:04 INFO  node:129 - [com.couchbase.node][NodeDisconnectedEvent][477us] Node disconnected {"coreId":"0xe4a6b5ce00000002","managerPort":"8091","remote":"127.0.0.1"}
2024-10-06 21:43:04 INFO  core:129 - [com.couchbase.core][ShutdownCompletedEvent][2882us] Completed shutdown and closed all open buckets {"coreId":"0xe4a6b5ce00000002"}
]]></system-err>
  </testcase>
  <testcase name="testBestMoviesOfActorQuery" classname="QueryOutputFormatTest" time="0.824">
    <system-err><![CDATA[2024-10-06 21:43:04 INFO  DefaultConfigurationProvider:234 - Resolved seed nodes: [SeedNode{address='127.0.0.1'}]
2024-10-06 21:43:04 INFO  core:129 - [com.couchbase.core][CoreCreatedEvent] {"clientVersion":"3.7.3","clientGitHash":"c5bcd9e4","coreVersion":"3.7.3","coreGitHash":"c5bcd9e4","userAgent":"couchbase-java/3.7.3 (Linux 6.10.10-200.fc40.x86_64 amd64; OpenJDK 64-Bit Server VM 21.0.4+7-LTS)","maxNumRequestsInRetry":32768,"ioEnvironment":{"nativeIoEnabled":true,"eventLoopThreadCount":4,"eventLoopGroups":["EpollEventLoopGroup"]},"ioConfig":{"captureTraffic":[],"mutationTokensEnabled":true,"networkResolution":"auto","dnsSrvEnabled":true,"tcpKeepAlivesEnabled":true,"tcpKeepAliveTimeMs":60000,"configPollIntervalMs":2500,"kvCircuitBreakerConfig":"disabled","queryCircuitBreakerConfig":"disabled","viewCircuitBreakerConfig":"disabled","searchCircuitBreakerConfig":"disabled","analyticsCircuitBreakerConfig":"disabled","managerCircuitBreakerConfig":"disabled","eventingCircuitBreakerConfig":"disabled","backupCircuitBreakerConfig":"disabled","numKvConnections":1,"maxHttpConnections":12,"idleHttpConnectionTimeoutMs":1000,"configIdleRedialTimeoutMs":300000,"memcachedHashingStrategy":"StandardMemcachedHashingStrategy","timerConfig":{"numTimers":1,"tickDurationMs":10,"numBuckets":512}},"compressionConfig":{"enabled":true,"minRatio":0.83,"minSize":32},"securityConfig":{"tlsEnabled":false,"nativeTlsEnabled":true,"hostnameVerificationEnabled":true,"trustCertificates":null,"trustManagerFactory":null,"ciphers":[]},"timeoutConfig":{"kvMs":2500,"kvDurableMs":10000,"kvScanMs":75000,"managementMs":75000,"queryMs":75000,"viewMs":75000,"searchMs":75000,"analyticsMs":75000,"connectMs":10000,"disconnectMs":10000,"eventingMs":75000,"backupMs":75000},"loggerConfig":{"diagnosticContextEnabled":false},"orphanReporterConfig":{"emitIntervalMs":10000,"sampleSize":10,"queueLength":1024,"enabled":true},"thresholdLoggingTracerConfig":{"enabled":true,"emitIntervalMs":10000,"sampleSize":10,"queueLength":1024,"kvThresholdMs":500,"queryThresholdMs":1000,"searchThresholdMs":1000,"analyticsThresholdMs":1000,"viewThresholdMs":1000,"transactionsThresholdMs":5000},"loggingMeterConfig":{"enabled":true,"emitIntervalMs":600000},"retryStrategy":"BestEffortRetryStrategy","requestTracer":"ThresholdLoggingTracer","meter":"LoggingMeter","numRequestCallbacks":0,"scheduler":"ParallelScheduler","schedulerThreadCount":8,"transactionsConfig":{"durabilityLevel":"MAJORITY","timeoutMs":15000,"cleanupConfig":{"runLostAttemptsCleanupThread":true,"runRegularAttemptsCleanupThread":true,"cleanupWindowMs":60000,"cleanupSet":""},"numAtrs":1024,"metadataCollection":"none","scanConsistency":"none"}} {"connectionString":"couchbase://127.0.0.1","coreId":"0xe4a6b5ce00000003","numCoreInstances":1}
2024-10-06 21:43:04 INFO  transactions:129 - [com.couchbase.transactions][TransactionsStartedEvent] Transactions successfully initialised, regular cleanup enabled=true, lost cleanup enabled=true
2024-10-06 21:43:04 INFO  node:129 - [com.couchbase.node][NodeCreatedEvent] Node created {"coreId":"0xe4a6b5ce00000003","managerPort":"8091","remote":"127.0.0.1"}
2024-10-06 21:43:04 INFO  cleanup:107 - Waiting for 1 regular background threads to exit
2024-10-06 21:43:04 INFO  regular:134 - Stopping background cleanup thread for transactions from this client
2024-10-06 21:43:04 INFO  lost:153 - Client ec9b4 stopping lost cleanup process, 0 threads running
2024-10-06 21:43:04 INFO  lost:191 - Client ec9b4 stopped lost cleanup process and removed client from client records
2024-10-06 21:43:04 INFO  cleanup:121 - Background threads have exitted
2024-10-06 21:43:04 INFO  node:129 - [com.couchbase.node][NodeDisconnectedEvent][501us] Node disconnected {"coreId":"0xe4a6b5ce00000003","managerPort":"8091","remote":"127.0.0.1"}
2024-10-06 21:43:04 INFO  core:129 - [com.couchbase.core][ShutdownCompletedEvent][1304us] Completed shutdown and closed all open buckets {"coreId":"0xe4a6b5ce00000003"}
]]></system-err>
  </testcase>
  <testcase name="testTopReviewersQuery" classname="QueryOutputFormatTest" time="1.23">
    <system-err><![CDATA[2024-10-06 21:43:04 INFO  DefaultConfigurationProvider:234 - Resolved seed nodes: [SeedNode{address='127.0.0.1'}]
2024-10-06 21:43:04 INFO  core:129 - [com.couchbase.core][CoreCreatedEvent] {"clientVersion":"3.7.3","clientGitHash":"c5bcd9e4","coreVersion":"3.7.3","coreGitHash":"c5bcd9e4","userAgent":"couchbase-java/3.7.3 (Linux 6.10.10-200.fc40.x86_64 amd64; OpenJDK 64-Bit Server VM 21.0.4+7-LTS)","maxNumRequestsInRetry":32768,"ioEnvironment":{"nativeIoEnabled":true,"eventLoopThreadCount":4,"eventLoopGroups":["EpollEventLoopGroup"]},"ioConfig":{"captureTraffic":[],"mutationTokensEnabled":true,"networkResolution":"auto","dnsSrvEnabled":true,"tcpKeepAlivesEnabled":true,"tcpKeepAliveTimeMs":60000,"configPollIntervalMs":2500,"kvCircuitBreakerConfig":"disabled","queryCircuitBreakerConfig":"disabled","viewCircuitBreakerConfig":"disabled","searchCircuitBreakerConfig":"disabled","analyticsCircuitBreakerConfig":"disabled","managerCircuitBreakerConfig":"disabled","eventingCircuitBreakerConfig":"disabled","backupCircuitBreakerConfig":"disabled","numKvConnections":1,"maxHttpConnections":12,"idleHttpConnectionTimeoutMs":1000,"configIdleRedialTimeoutMs":300000,"memcachedHashingStrategy":"StandardMemcachedHashingStrategy","timerConfig":{"numTimers":1,"tickDurationMs":10,"numBuckets":512}},"compressionConfig":{"enabled":true,"minRatio":0.83,"minSize":32},"securityConfig":{"tlsEnabled":false,"nativeTlsEnabled":true,"hostnameVerificationEnabled":true,"trustCertificates":null,"trustManagerFactory":null,"ciphers":[]},"timeoutConfig":{"kvMs":2500,"kvDurableMs":10000,"kvScanMs":75000,"managementMs":75000,"queryMs":75000,"viewMs":75000,"searchMs":75000,"analyticsMs":75000,"connectMs":10000,"disconnectMs":10000,"eventingMs":75000,"backupMs":75000},"loggerConfig":{"diagnosticContextEnabled":false},"orphanReporterConfig":{"emitIntervalMs":10000,"sampleSize":10,"queueLength":1024,"enabled":true},"thresholdLoggingTracerConfig":{"enabled":true,"emitIntervalMs":10000,"sampleSize":10,"queueLength":1024,"kvThresholdMs":500,"queryThresholdMs":1000,"searchThresholdMs":1000,"analyticsThresholdMs":1000,"viewThresholdMs":1000,"transactionsThresholdMs":5000},"loggingMeterConfig":{"enabled":true,"emitIntervalMs":600000},"retryStrategy":"BestEffortRetryStrategy","requestTracer":"ThresholdLoggingTracer","meter":"LoggingMeter","numRequestCallbacks":0,"scheduler":"ParallelScheduler","schedulerThreadCount":8,"transactionsConfig":{"durabilityLevel":"MAJORITY","timeoutMs":15000,"cleanupConfig":{"runLostAttemptsCleanupThread":true,"runRegularAttemptsCleanupThread":true,"cleanupWindowMs":60000,"cleanupSet":""},"numAtrs":1024,"metadataCollection":"none","scanConsistency":"none"}} {"connectionString":"couchbase://127.0.0.1","coreId":"0xe4a6b5ce00000004","numCoreInstances":1}
2024-10-06 21:43:05 INFO  transactions:129 - [com.couchbase.transactions][TransactionsStartedEvent] Transactions successfully initialised, regular cleanup enabled=true, lost cleanup enabled=true
2024-10-06 21:43:05 INFO  node:129 - [com.couchbase.node][NodeCreatedEvent] Node created {"coreId":"0xe4a6b5ce00000004","managerPort":"8091","remote":"127.0.0.1"}
2024-10-06 21:43:06 INFO  cleanup:107 - Waiting for 1 regular background threads to exit
2024-10-06 21:43:06 INFO  regular:134 - Stopping background cleanup thread for transactions from this client
2024-10-06 21:43:06 INFO  lost:153 - Client 70a1c stopping lost cleanup process, 0 threads running
2024-10-06 21:43:06 INFO  lost:191 - Client 70a1c stopped lost cleanup process and removed client from client records
2024-10-06 21:43:06 INFO  cleanup:121 - Background threads have exitted
2024-10-06 21:43:06 INFO  node:129 - [com.couchbase.node][NodeDisconnectedEvent][602us] Node disconnected {"coreId":"0xe4a6b5ce00000004","managerPort":"8091","remote":"127.0.0.1"}
2024-10-06 21:43:06 INFO  core:129 - [com.couchbase.core][ShutdownCompletedEvent][1656us] Completed shutdown and closed all open buckets {"coreId":"0xe4a6b5ce00000004"}
]]></system-err>
  </testcase>
  <testcase name="testInconsistentRatingQuery" classname="QueryOutputFormatTest" time="1.144">
    <system-err><![CDATA[2024-10-06 21:43:06 INFO  DefaultConfigurationProvider:234 - Resolved seed nodes: [SeedNode{address='127.0.0.1'}]
2024-10-06 21:43:06 INFO  core:129 - [com.couchbase.core][CoreCreatedEvent] {"clientVersion":"3.7.3","clientGitHash":"c5bcd9e4","coreVersion":"3.7.3","coreGitHash":"c5bcd9e4","userAgent":"couchbase-java/3.7.3 (Linux 6.10.10-200.fc40.x86_64 amd64; OpenJDK 64-Bit Server VM 21.0.4+7-LTS)","maxNumRequestsInRetry":32768,"ioEnvironment":{"nativeIoEnabled":true,"eventLoopThreadCount":4,"eventLoopGroups":["EpollEventLoopGroup"]},"ioConfig":{"captureTraffic":[],"mutationTokensEnabled":true,"networkResolution":"auto","dnsSrvEnabled":true,"tcpKeepAlivesEnabled":true,"tcpKeepAliveTimeMs":60000,"configPollIntervalMs":2500,"kvCircuitBreakerConfig":"disabled","queryCircuitBreakerConfig":"disabled","viewCircuitBreakerConfig":"disabled","searchCircuitBreakerConfig":"disabled","analyticsCircuitBreakerConfig":"disabled","managerCircuitBreakerConfig":"disabled","eventingCircuitBreakerConfig":"disabled","backupCircuitBreakerConfig":"disabled","numKvConnections":1,"maxHttpConnections":12,"idleHttpConnectionTimeoutMs":1000,"configIdleRedialTimeoutMs":300000,"memcachedHashingStrategy":"StandardMemcachedHashingStrategy","timerConfig":{"numTimers":1,"tickDurationMs":10,"numBuckets":512}},"compressionConfig":{"enabled":true,"minRatio":0.83,"minSize":32},"securityConfig":{"tlsEnabled":false,"nativeTlsEnabled":true,"hostnameVerificationEnabled":true,"trustCertificates":null,"trustManagerFactory":null,"ciphers":[]},"timeoutConfig":{"kvMs":2500,"kvDurableMs":10000,"kvScanMs":75000,"managementMs":75000,"queryMs":75000,"viewMs":75000,"searchMs":75000,"analyticsMs":75000,"connectMs":10000,"disconnectMs":10000,"eventingMs":75000,"backupMs":75000},"loggerConfig":{"diagnosticContextEnabled":false},"orphanReporterConfig":{"emitIntervalMs":10000,"sampleSize":10,"queueLength":1024,"enabled":true},"thresholdLoggingTracerConfig":{"enabled":true,"emitIntervalMs":10000,"sampleSize":10,"queueLength":1024,"kvThresholdMs":500,"queryThresholdMs":1000,"searchThresholdMs":1000,"analyticsThresholdMs":1000,"viewThresholdMs":1000,"transactionsThresholdMs":5000},"loggingMeterConfig":{"enabled":true,"emitIntervalMs":600000},"retryStrategy":"BestEffortRetryStrategy","requestTracer":"ThresholdLoggingTracer","meter":"LoggingMeter","numRequestCallbacks":0,"scheduler":"ParallelScheduler","schedulerThreadCount":8,"transactionsConfig":{"durabilityLevel":"MAJORITY","timeoutMs":15000,"cleanupConfig":{"runLostAttemptsCleanupThread":true,"runRegularAttemptsCleanupThread":true,"cleanupWindowMs":60000,"cleanupSet":""},"numAtrs":1024,"metadataCollection":"none","scanConsistency":"none"}} {"connectionString":"couchbase://127.0.0.1","coreId":"0xe4a6b5ce00000005","numCoreInstances":1}
2024-10-06 21:43:06 INFO  transactions:129 - [com.couchbase.transactions][TransactionsStartedEvent] Transactions successfully initialised, regular cleanup enabled=true, lost cleanup enabled=true
2024-10-06 21:43:06 INFO  node:129 - [com.couchbase.node][NodeCreatedEvent] Node created {"coreId":"0xe4a6b5ce00000005","managerPort":"8091","remote":"127.0.0.1"}
2024-10-06 21:43:07 INFO  cleanup:107 - Waiting for 1 regular background threads to exit
2024-10-06 21:43:07 INFO  regular:134 - Stopping background cleanup thread for transactions from this client
2024-10-06 21:43:07 INFO  lost:153 - Client d8dd6 stopping lost cleanup process, 0 threads running
2024-10-06 21:43:07 INFO  lost:191 - Client d8dd6 stopped lost cleanup process and removed client from client records
2024-10-06 21:43:07 INFO  cleanup:121 - Background threads have exitted
2024-10-06 21:43:07 INFO  node:129 - [com.couchbase.node][NodeDisconnectedEvent][675us] Node disconnected {"coreId":"0xe4a6b5ce00000005","managerPort":"8091","remote":"127.0.0.1"}
2024-10-06 21:43:07 INFO  core:129 - [com.couchbase.core][ShutdownCompletedEvent][2105us] Completed shutdown and closed all open buckets {"coreId":"0xe4a6b5ce00000005"}
]]></system-err>
  </testcase>
  <testcase name="testHiddenGemQuery" classname="QueryOutputFormatTest" time="1.041">
    <system-err><![CDATA[2024-10-06 21:43:07 INFO  DefaultConfigurationProvider:234 - Resolved seed nodes: [SeedNode{address='127.0.0.1'}]
2024-10-06 21:43:07 INFO  core:129 - [com.couchbase.core][CoreCreatedEvent] {"clientVersion":"3.7.3","clientGitHash":"c5bcd9e4","coreVersion":"3.7.3","coreGitHash":"c5bcd9e4","userAgent":"couchbase-java/3.7.3 (Linux 6.10.10-200.fc40.x86_64 amd64; OpenJDK 64-Bit Server VM 21.0.4+7-LTS)","maxNumRequestsInRetry":32768,"ioEnvironment":{"nativeIoEnabled":true,"eventLoopThreadCount":4,"eventLoopGroups":["EpollEventLoopGroup"]},"ioConfig":{"captureTraffic":[],"mutationTokensEnabled":true,"networkResolution":"auto","dnsSrvEnabled":true,"tcpKeepAlivesEnabled":true,"tcpKeepAliveTimeMs":60000,"configPollIntervalMs":2500,"kvCircuitBreakerConfig":"disabled","queryCircuitBreakerConfig":"disabled","viewCircuitBreakerConfig":"disabled","searchCircuitBreakerConfig":"disabled","analyticsCircuitBreakerConfig":"disabled","managerCircuitBreakerConfig":"disabled","eventingCircuitBreakerConfig":"disabled","backupCircuitBreakerConfig":"disabled","numKvConnections":1,"maxHttpConnections":12,"idleHttpConnectionTimeoutMs":1000,"configIdleRedialTimeoutMs":300000,"memcachedHashingStrategy":"StandardMemcachedHashingStrategy","timerConfig":{"numTimers":1,"tickDurationMs":10,"numBuckets":512}},"compressionConfig":{"enabled":true,"minRatio":0.83,"minSize":32},"securityConfig":{"tlsEnabled":false,"nativeTlsEnabled":true,"hostnameVerificationEnabled":true,"trustCertificates":null,"trustManagerFactory":null,"ciphers":[]},"timeoutConfig":{"kvMs":2500,"kvDurableMs":10000,"kvScanMs":75000,"managementMs":75000,"queryMs":75000,"viewMs":75000,"searchMs":75000,"analyticsMs":75000,"connectMs":10000,"disconnectMs":10000,"eventingMs":75000,"backupMs":75000},"loggerConfig":{"diagnosticContextEnabled":false},"orphanReporterConfig":{"emitIntervalMs":10000,"sampleSize":10,"queueLength":1024,"enabled":true},"thresholdLoggingTracerConfig":{"enabled":true,"emitIntervalMs":10000,"sampleSize":10,"queueLength":1024,"kvThresholdMs":500,"queryThresholdMs":1000,"searchThresholdMs":1000,"analyticsThresholdMs":1000,"viewThresholdMs":1000,"transactionsThresholdMs":5000},"loggingMeterConfig":{"enabled":true,"emitIntervalMs":600000},"retryStrategy":"BestEffortRetryStrategy","requestTracer":"ThresholdLoggingTracer","meter":"LoggingMeter","numRequestCallbacks":0,"scheduler":"ParallelScheduler","schedulerThreadCount":8,"transactionsConfig":{"durabilityLevel":"MAJORITY","timeoutMs":15000,"cleanupConfig":{"runLostAttemptsCleanupThread":true,"runRegularAttemptsCleanupThread":true,"cleanupWindowMs":60000,"cleanupSet":""},"numAtrs":1024,"metadataCollection":"none","scanConsistency":"none"}} {"connectionString":"couchbase://127.0.0.1","coreId":"0xe4a6b5ce00000006","numCoreInstances":1}
2024-10-06 21:43:07 INFO  transactions:129 - [com.couchbase.transactions][TransactionsStartedEvent] Transactions successfully initialised, regular cleanup enabled=true, lost cleanup enabled=true
2024-10-06 21:43:07 INFO  node:129 - [com.couchbase.node][NodeCreatedEvent] Node created {"coreId":"0xe4a6b5ce00000006","managerPort":"8091","remote":"127.0.0.1"}
2024-10-06 21:43:08 INFO  cleanup:107 - Waiting for 1 regular background threads to exit
2024-10-06 21:43:08 INFO  regular:134 - Stopping background cleanup thread for transactions from this client
2024-10-06 21:43:08 INFO  lost:153 - Client 0d510 stopping lost cleanup process, 0 threads running
2024-10-06 21:43:08 INFO  lost:191 - Client 0d510 stopped lost cleanup process and removed client from client records
2024-10-06 21:43:08 INFO  cleanup:121 - Background threads have exitted
2024-10-06 21:43:08 INFO  node:129 - [com.couchbase.node][NodeDisconnectedEvent][746us] Node disconnected {"coreId":"0xe4a6b5ce00000006","managerPort":"8091","remote":"127.0.0.1"}
2024-10-06 21:43:08 INFO  core:129 - [com.couchbase.core][ShutdownCompletedEvent][1959us] Completed shutdown and closed all open buckets {"coreId":"0xe4a6b5ce00000006"}
]]></system-err>
  </testcase>
  <testcase name="testConfusingMoviesQuery" classname="QueryOutputFormatTest" time="1.043">
    <system-err><![CDATA[2024-10-06 21:43:08 INFO  DefaultConfigurationProvider:234 - Resolved seed nodes: [SeedNode{address='127.0.0.1'}]
2024-10-06 21:43:08 INFO  core:129 - [com.couchbase.core][CoreCreatedEvent] {"clientVersion":"3.7.3","clientGitHash":"c5bcd9e4","coreVersion":"3.7.3","coreGitHash":"c5bcd9e4","userAgent":"couchbase-java/3.7.3 (Linux 6.10.10-200.fc40.x86_64 amd64; OpenJDK 64-Bit Server VM 21.0.4+7-LTS)","maxNumRequestsInRetry":32768,"ioEnvironment":{"nativeIoEnabled":true,"eventLoopThreadCount":4,"eventLoopGroups":["EpollEventLoopGroup"]},"ioConfig":{"captureTraffic":[],"mutationTokensEnabled":true,"networkResolution":"auto","dnsSrvEnabled":true,"tcpKeepAlivesEnabled":true,"tcpKeepAliveTimeMs":60000,"configPollIntervalMs":2500,"kvCircuitBreakerConfig":"disabled","queryCircuitBreakerConfig":"disabled","viewCircuitBreakerConfig":"disabled","searchCircuitBreakerConfig":"disabled","analyticsCircuitBreakerConfig":"disabled","managerCircuitBreakerConfig":"disabled","eventingCircuitBreakerConfig":"disabled","backupCircuitBreakerConfig":"disabled","numKvConnections":1,"maxHttpConnections":12,"idleHttpConnectionTimeoutMs":1000,"configIdleRedialTimeoutMs":300000,"memcachedHashingStrategy":"StandardMemcachedHashingStrategy","timerConfig":{"numTimers":1,"tickDurationMs":10,"numBuckets":512}},"compressionConfig":{"enabled":true,"minRatio":0.83,"minSize":32},"securityConfig":{"tlsEnabled":false,"nativeTlsEnabled":true,"hostnameVerificationEnabled":true,"trustCertificates":null,"trustManagerFactory":null,"ciphers":[]},"timeoutConfig":{"kvMs":2500,"kvDurableMs":10000,"kvScanMs":75000,"managementMs":75000,"queryMs":75000,"viewMs":75000,"searchMs":75000,"analyticsMs":75000,"connectMs":10000,"disconnectMs":10000,"eventingMs":75000,"backupMs":75000},"loggerConfig":{"diagnosticContextEnabled":false},"orphanReporterConfig":{"emitIntervalMs":10000,"sampleSize":10,"queueLength":1024,"enabled":true},"thresholdLoggingTracerConfig":{"enabled":true,"emitIntervalMs":10000,"sampleSize":10,"queueLength":1024,"kvThresholdMs":500,"queryThresholdMs":1000,"searchThresholdMs":1000,"analyticsThresholdMs":1000,"viewThresholdMs":1000,"transactionsThresholdMs":5000},"loggingMeterConfig":{"enabled":true,"emitIntervalMs":600000},"retryStrategy":"BestEffortRetryStrategy","requestTracer":"ThresholdLoggingTracer","meter":"LoggingMeter","numRequestCallbacks":0,"scheduler":"ParallelScheduler","schedulerThreadCount":8,"transactionsConfig":{"durabilityLevel":"MAJORITY","timeoutMs":15000,"cleanupConfig":{"runLostAttemptsCleanupThread":true,"runRegularAttemptsCleanupThread":true,"cleanupWindowMs":60000,"cleanupSet":""},"numAtrs":1024,"metadataCollection":"none","scanConsistency":"none"}} {"connectionString":"couchbase://127.0.0.1","coreId":"0xe4a6b5ce00000007","numCoreInstances":1}
2024-10-06 21:43:08 INFO  transactions:129 - [com.couchbase.transactions][TransactionsStartedEvent] Transactions successfully initialised, regular cleanup enabled=true, lost cleanup enabled=true
2024-10-06 21:43:08 INFO  node:129 - [com.couchbase.node][NodeCreatedEvent] Node created {"coreId":"0xe4a6b5ce00000007","managerPort":"8091","remote":"127.0.0.1"}
2024-10-06 21:43:09 INFO  cleanup:107 - Waiting for 1 regular background threads to exit
2024-10-06 21:43:09 INFO  regular:134 - Stopping background cleanup thread for transactions from this client
2024-10-06 21:43:09 INFO  lost:153 - Client 8af96 stopping lost cleanup process, 0 threads running
2024-10-06 21:43:09 INFO  lost:191 - Client 8af96 stopped lost cleanup process and removed client from client records
2024-10-06 21:43:09 INFO  cleanup:121 - Background threads have exitted
2024-10-06 21:43:09 INFO  node:129 - [com.couchbase.node][NodeDisconnectedEvent][1037us] Node disconnected {"coreId":"0xe4a6b5ce00000007","managerPort":"8091","remote":"127.0.0.1"}
2024-10-06 21:43:09 INFO  core:129 - [com.couchbase.core][ShutdownCompletedEvent][3011us] Completed shutdown and closed all open buckets {"coreId":"0xe4a6b5ce00000007"}
]]></system-err>
  </testcase>
  <testcase name="testNightMoviesQuery" classname="QueryOutputFormatTest" time="0.24">
    <error message="Not implemented, yet" type="java.lang.UnsupportedOperationException"><![CDATA[java.lang.UnsupportedOperationException: Not implemented, yet
	at ch.heig.mac.Requests.nightMovies(Requests.java:159)
	at QueryOutputFormatTest.testNightMoviesQuery(QueryOutputFormatTest.java:140)
	at java.base/java.lang.reflect.Method.invoke(Method.java:580)
	at java.base/java.util.ArrayList.forEach(ArrayList.java:1596)
	at java.base/java.util.ArrayList.forEach(ArrayList.java:1596)
]]></error>
    <system-err><![CDATA[2024-10-06 21:43:09 INFO  DefaultConfigurationProvider:234 - Resolved seed nodes: [SeedNode{address='127.0.0.1'}]
2024-10-06 21:43:09 INFO  core:129 - [com.couchbase.core][CoreCreatedEvent] {"clientVersion":"3.7.3","clientGitHash":"c5bcd9e4","coreVersion":"3.7.3","coreGitHash":"c5bcd9e4","userAgent":"couchbase-java/3.7.3 (Linux 6.10.10-200.fc40.x86_64 amd64; OpenJDK 64-Bit Server VM 21.0.4+7-LTS)","maxNumRequestsInRetry":32768,"ioEnvironment":{"nativeIoEnabled":true,"eventLoopThreadCount":4,"eventLoopGroups":["EpollEventLoopGroup"]},"ioConfig":{"captureTraffic":[],"mutationTokensEnabled":true,"networkResolution":"auto","dnsSrvEnabled":true,"tcpKeepAlivesEnabled":true,"tcpKeepAliveTimeMs":60000,"configPollIntervalMs":2500,"kvCircuitBreakerConfig":"disabled","queryCircuitBreakerConfig":"disabled","viewCircuitBreakerConfig":"disabled","searchCircuitBreakerConfig":"disabled","analyticsCircuitBreakerConfig":"disabled","managerCircuitBreakerConfig":"disabled","eventingCircuitBreakerConfig":"disabled","backupCircuitBreakerConfig":"disabled","numKvConnections":1,"maxHttpConnections":12,"idleHttpConnectionTimeoutMs":1000,"configIdleRedialTimeoutMs":300000,"memcachedHashingStrategy":"StandardMemcachedHashingStrategy","timerConfig":{"numTimers":1,"tickDurationMs":10,"numBuckets":512}},"compressionConfig":{"enabled":true,"minRatio":0.83,"minSize":32},"securityConfig":{"tlsEnabled":false,"nativeTlsEnabled":true,"hostnameVerificationEnabled":true,"trustCertificates":null,"trustManagerFactory":null,"ciphers":[]},"timeoutConfig":{"kvMs":2500,"kvDurableMs":10000,"kvScanMs":75000,"managementMs":75000,"queryMs":75000,"viewMs":75000,"searchMs":75000,"analyticsMs":75000,"connectMs":10000,"disconnectMs":10000,"eventingMs":75000,"backupMs":75000},"loggerConfig":{"diagnosticContextEnabled":false},"orphanReporterConfig":{"emitIntervalMs":10000,"sampleSize":10,"queueLength":1024,"enabled":true},"thresholdLoggingTracerConfig":{"enabled":true,"emitIntervalMs":10000,"sampleSize":10,"queueLength":1024,"kvThresholdMs":500,"queryThresholdMs":1000,"searchThresholdMs":1000,"analyticsThresholdMs":1000,"viewThresholdMs":1000,"transactionsThresholdMs":5000},"loggingMeterConfig":{"enabled":true,"emitIntervalMs":600000},"retryStrategy":"BestEffortRetryStrategy","requestTracer":"ThresholdLoggingTracer","meter":"LoggingMeter","numRequestCallbacks":0,"scheduler":"ParallelScheduler","schedulerThreadCount":8,"transactionsConfig":{"durabilityLevel":"MAJORITY","timeoutMs":15000,"cleanupConfig":{"runLostAttemptsCleanupThread":true,"runRegularAttemptsCleanupThread":true,"cleanupWindowMs":60000,"cleanupSet":""},"numAtrs":1024,"metadataCollection":"none","scanConsistency":"none"}} {"connectionString":"couchbase://127.0.0.1","coreId":"0xe4a6b5ce00000008","numCoreInstances":1}
2024-10-06 21:43:09 INFO  transactions:129 - [com.couchbase.transactions][TransactionsStartedEvent] Transactions successfully initialised, regular cleanup enabled=true, lost cleanup enabled=true
2024-10-06 21:43:09 INFO  node:129 - [com.couchbase.node][NodeCreatedEvent] Node created {"coreId":"0xe4a6b5ce00000008","managerPort":"8091","remote":"127.0.0.1"}
2024-10-06 21:43:09 INFO  cleanup:107 - Waiting for 1 regular background threads to exit
2024-10-06 21:43:09 INFO  regular:134 - Stopping background cleanup thread for transactions from this client
2024-10-06 21:43:09 INFO  lost:153 - Client 3c29e stopping lost cleanup process, 0 threads running
2024-10-06 21:43:09 INFO  lost:191 - Client 3c29e stopped lost cleanup process and removed client from client records
2024-10-06 21:43:09 INFO  cleanup:121 - Background threads have exitted
2024-10-06 21:43:09 INFO  node:129 - [com.couchbase.node][NodeDisconnectedEvent][279us] Node disconnected {"coreId":"0xe4a6b5ce00000008","managerPort":"8091","remote":"127.0.0.1"}
2024-10-06 21:43:09 INFO  core:129 - [com.couchbase.core][ShutdownCompletedEvent][934us] Completed shutdown and closed all open buckets {"coreId":"0xe4a6b5ce00000008"}
]]></system-err>
  </testcase>
  <testcase name="testGetCollectionNamesQuery" classname="QueryOutputFormatTest" time="0.127">
    <system-err><![CDATA[2024-10-06 21:43:09 INFO  DefaultConfigurationProvider:234 - Resolved seed nodes: [SeedNode{address='127.0.0.1'}]
2024-10-06 21:43:09 INFO  cleanup:107 - Waiting for 1 regular background threads to exit
2024-10-06 21:43:09 INFO  core:129 - [com.couchbase.core][CoreCreatedEvent] {"clientVersion":"3.7.3","clientGitHash":"c5bcd9e4","coreVersion":"3.7.3","coreGitHash":"c5bcd9e4","userAgent":"couchbase-java/3.7.3 (Linux 6.10.10-200.fc40.x86_64 amd64; OpenJDK 64-Bit Server VM 21.0.4+7-LTS)","maxNumRequestsInRetry":32768,"ioEnvironment":{"nativeIoEnabled":true,"eventLoopThreadCount":4,"eventLoopGroups":["EpollEventLoopGroup"]},"ioConfig":{"captureTraffic":[],"mutationTokensEnabled":true,"networkResolution":"auto","dnsSrvEnabled":true,"tcpKeepAlivesEnabled":true,"tcpKeepAliveTimeMs":60000,"configPollIntervalMs":2500,"kvCircuitBreakerConfig":"disabled","queryCircuitBreakerConfig":"disabled","viewCircuitBreakerConfig":"disabled","searchCircuitBreakerConfig":"disabled","analyticsCircuitBreakerConfig":"disabled","managerCircuitBreakerConfig":"disabled","eventingCircuitBreakerConfig":"disabled","backupCircuitBreakerConfig":"disabled","numKvConnections":1,"maxHttpConnections":12,"idleHttpConnectionTimeoutMs":1000,"configIdleRedialTimeoutMs":300000,"memcachedHashingStrategy":"StandardMemcachedHashingStrategy","timerConfig":{"numTimers":1,"tickDurationMs":10,"numBuckets":512}},"compressionConfig":{"enabled":true,"minRatio":0.83,"minSize":32},"securityConfig":{"tlsEnabled":false,"nativeTlsEnabled":true,"hostnameVerificationEnabled":true,"trustCertificates":null,"trustManagerFactory":null,"ciphers":[]},"timeoutConfig":{"kvMs":2500,"kvDurableMs":10000,"kvScanMs":75000,"managementMs":75000,"queryMs":75000,"viewMs":75000,"searchMs":75000,"analyticsMs":75000,"connectMs":10000,"disconnectMs":10000,"eventingMs":75000,"backupMs":75000},"loggerConfig":{"diagnosticContextEnabled":false},"orphanReporterConfig":{"emitIntervalMs":10000,"sampleSize":10,"queueLength":1024,"enabled":true},"thresholdLoggingTracerConfig":{"enabled":true,"emitIntervalMs":10000,"sampleSize":10,"queueLength":1024,"kvThresholdMs":500,"queryThresholdMs":1000,"searchThresholdMs":1000,"analyticsThresholdMs":1000,"viewThresholdMs":1000,"transactionsThresholdMs":5000},"loggingMeterConfig":{"enabled":true,"emitIntervalMs":600000},"retryStrategy":"BestEffortRetryStrategy","requestTracer":"ThresholdLoggingTracer","meter":"LoggingMeter","numRequestCallbacks":0,"scheduler":"ParallelScheduler","schedulerThreadCount":8,"transactionsConfig":{"durabilityLevel":"MAJORITY","timeoutMs":15000,"cleanupConfig":{"runLostAttemptsCleanupThread":true,"runRegularAttemptsCleanupThread":true,"cleanupWindowMs":60000,"cleanupSet":""},"numAtrs":1024,"metadataCollection":"none","scanConsistency":"none"}} {"connectionString":"couchbase://127.0.0.1","coreId":"0xe4a6b5ce00000009","numCoreInstances":1}
2024-10-06 21:43:09 INFO  transactions:129 - [com.couchbase.transactions][TransactionsStartedEvent] Transactions successfully initialised, regular cleanup enabled=true, lost cleanup enabled=true
2024-10-06 21:43:09 INFO  node:129 - [com.couchbase.node][NodeCreatedEvent] Node created {"coreId":"0xe4a6b5ce00000009","managerPort":"8091","remote":"127.0.0.1"}
2024-10-06 21:43:09 INFO  regular:134 - Stopping background cleanup thread for transactions from this client
2024-10-06 21:43:09 INFO  lost:153 - Client 135ed stopping lost cleanup process, 0 threads running
2024-10-06 21:43:09 INFO  lost:191 - Client 135ed stopped lost cleanup process and removed client from client records
2024-10-06 21:43:09 INFO  cleanup:121 - Background threads have exitted
2024-10-06 21:43:09 INFO  node:129 - [com.couchbase.node][NodeDisconnectedEvent][419us] Node disconnected {"coreId":"0xe4a6b5ce00000009","managerPort":"8091","remote":"127.0.0.1"}
2024-10-06 21:43:09 INFO  core:129 - [com.couchbase.core][ShutdownCompletedEvent][1234us] Completed shutdown and closed all open buckets {"coreId":"0xe4a6b5ce00000009"}
]]></system-err>
  </testcase>
  <testcase name="testCommentsOfDirector1Query" classname="QueryOutputFormatTest" time="1.849">
    <system-err><![CDATA[2024-10-06 21:43:09 INFO  DefaultConfigurationProvider:234 - Resolved seed nodes: [SeedNode{address='127.0.0.1'}]
2024-10-06 21:43:09 INFO  core:129 - [com.couchbase.core][CoreCreatedEvent] {"clientVersion":"3.7.3","clientGitHash":"c5bcd9e4","coreVersion":"3.7.3","coreGitHash":"c5bcd9e4","userAgent":"couchbase-java/3.7.3 (Linux 6.10.10-200.fc40.x86_64 amd64; OpenJDK 64-Bit Server VM 21.0.4+7-LTS)","maxNumRequestsInRetry":32768,"ioEnvironment":{"nativeIoEnabled":true,"eventLoopThreadCount":4,"eventLoopGroups":["EpollEventLoopGroup"]},"ioConfig":{"captureTraffic":[],"mutationTokensEnabled":true,"networkResolution":"auto","dnsSrvEnabled":true,"tcpKeepAlivesEnabled":true,"tcpKeepAliveTimeMs":60000,"configPollIntervalMs":2500,"kvCircuitBreakerConfig":"disabled","queryCircuitBreakerConfig":"disabled","viewCircuitBreakerConfig":"disabled","searchCircuitBreakerConfig":"disabled","analyticsCircuitBreakerConfig":"disabled","managerCircuitBreakerConfig":"disabled","eventingCircuitBreakerConfig":"disabled","backupCircuitBreakerConfig":"disabled","numKvConnections":1,"maxHttpConnections":12,"idleHttpConnectionTimeoutMs":1000,"configIdleRedialTimeoutMs":300000,"memcachedHashingStrategy":"StandardMemcachedHashingStrategy","timerConfig":{"numTimers":1,"tickDurationMs":10,"numBuckets":512}},"compressionConfig":{"enabled":true,"minRatio":0.83,"minSize":32},"securityConfig":{"tlsEnabled":false,"nativeTlsEnabled":true,"hostnameVerificationEnabled":true,"trustCertificates":null,"trustManagerFactory":null,"ciphers":[]},"timeoutConfig":{"kvMs":2500,"kvDurableMs":10000,"kvScanMs":75000,"managementMs":75000,"queryMs":75000,"viewMs":75000,"searchMs":75000,"analyticsMs":75000,"connectMs":10000,"disconnectMs":10000,"eventingMs":75000,"backupMs":75000},"loggerConfig":{"diagnosticContextEnabled":false},"orphanReporterConfig":{"emitIntervalMs":10000,"sampleSize":10,"queueLength":1024,"enabled":true},"thresholdLoggingTracerConfig":{"enabled":true,"emitIntervalMs":10000,"sampleSize":10,"queueLength":1024,"kvThresholdMs":500,"queryThresholdMs":1000,"searchThresholdMs":1000,"analyticsThresholdMs":1000,"viewThresholdMs":1000,"transactionsThresholdMs":5000},"loggingMeterConfig":{"enabled":true,"emitIntervalMs":600000},"retryStrategy":"BestEffortRetryStrategy","requestTracer":"ThresholdLoggingTracer","meter":"LoggingMeter","numRequestCallbacks":0,"scheduler":"ParallelScheduler","schedulerThreadCount":8,"transactionsConfig":{"durabilityLevel":"MAJORITY","timeoutMs":15000,"cleanupConfig":{"runLostAttemptsCleanupThread":true,"runRegularAttemptsCleanupThread":true,"cleanupWindowMs":60000,"cleanupSet":""},"numAtrs":1024,"metadataCollection":"none","scanConsistency":"none"}} {"connectionString":"couchbase://127.0.0.1","coreId":"0xe4a6b5ce0000000a","numCoreInstances":1}
2024-10-06 21:43:09 INFO  transactions:129 - [com.couchbase.transactions][TransactionsStartedEvent] Transactions successfully initialised, regular cleanup enabled=true, lost cleanup enabled=true
2024-10-06 21:43:09 INFO  node:129 - [com.couchbase.node][NodeCreatedEvent] Node created {"coreId":"0xe4a6b5ce0000000a","managerPort":"8091","remote":"127.0.0.1"}
2024-10-06 21:43:11 INFO  cleanup:107 - Waiting for 1 regular background threads to exit
2024-10-06 21:43:11 INFO  regular:134 - Stopping background cleanup thread for transactions from this client
2024-10-06 21:43:11 INFO  lost:153 - Client df10b stopping lost cleanup process, 0 threads running
2024-10-06 21:43:11 INFO  lost:191 - Client df10b stopped lost cleanup process and removed client from client records
2024-10-06 21:43:11 INFO  cleanup:121 - Background threads have exitted
2024-10-06 21:43:11 INFO  node:129 - [com.couchbase.node][NodeDisconnectedEvent][907us] Node disconnected {"coreId":"0xe4a6b5ce0000000a","managerPort":"8091","remote":"127.0.0.1"}
2024-10-06 21:43:11 INFO  core:129 - [com.couchbase.core][ShutdownCompletedEvent][2782us] Completed shutdown and closed all open buckets {"coreId":"0xe4a6b5ce0000000a"}
]]></system-err>
  </testcase>
  <testcase name="testCommentsOfDirector2Query" classname="QueryOutputFormatTest" time="2.05">
    <system-err><![CDATA[2024-10-06 21:43:11 INFO  DefaultConfigurationProvider:234 - Resolved seed nodes: [SeedNode{address='127.0.0.1'}]
2024-10-06 21:43:11 INFO  core:129 - [com.couchbase.core][CoreCreatedEvent] {"clientVersion":"3.7.3","clientGitHash":"c5bcd9e4","coreVersion":"3.7.3","coreGitHash":"c5bcd9e4","userAgent":"couchbase-java/3.7.3 (Linux 6.10.10-200.fc40.x86_64 amd64; OpenJDK 64-Bit Server VM 21.0.4+7-LTS)","maxNumRequestsInRetry":32768,"ioEnvironment":{"nativeIoEnabled":true,"eventLoopThreadCount":4,"eventLoopGroups":["EpollEventLoopGroup"]},"ioConfig":{"captureTraffic":[],"mutationTokensEnabled":true,"networkResolution":"auto","dnsSrvEnabled":true,"tcpKeepAlivesEnabled":true,"tcpKeepAliveTimeMs":60000,"configPollIntervalMs":2500,"kvCircuitBreakerConfig":"disabled","queryCircuitBreakerConfig":"disabled","viewCircuitBreakerConfig":"disabled","searchCircuitBreakerConfig":"disabled","analyticsCircuitBreakerConfig":"disabled","managerCircuitBreakerConfig":"disabled","eventingCircuitBreakerConfig":"disabled","backupCircuitBreakerConfig":"disabled","numKvConnections":1,"maxHttpConnections":12,"idleHttpConnectionTimeoutMs":1000,"configIdleRedialTimeoutMs":300000,"memcachedHashingStrategy":"StandardMemcachedHashingStrategy","timerConfig":{"numTimers":1,"tickDurationMs":10,"numBuckets":512}},"compressionConfig":{"enabled":true,"minRatio":0.83,"minSize":32},"securityConfig":{"tlsEnabled":false,"nativeTlsEnabled":true,"hostnameVerificationEnabled":true,"trustCertificates":null,"trustManagerFactory":null,"ciphers":[]},"timeoutConfig":{"kvMs":2500,"kvDurableMs":10000,"kvScanMs":75000,"managementMs":75000,"queryMs":75000,"viewMs":75000,"searchMs":75000,"analyticsMs":75000,"connectMs":10000,"disconnectMs":10000,"eventingMs":75000,"backupMs":75000},"loggerConfig":{"diagnosticContextEnabled":false},"orphanReporterConfig":{"emitIntervalMs":10000,"sampleSize":10,"queueLength":1024,"enabled":true},"thresholdLoggingTracerConfig":{"enabled":true,"emitIntervalMs":10000,"sampleSize":10,"queueLength":1024,"kvThresholdMs":500,"queryThresholdMs":1000,"searchThresholdMs":1000,"analyticsThresholdMs":1000,"viewThresholdMs":1000,"transactionsThresholdMs":5000},"loggingMeterConfig":{"enabled":true,"emitIntervalMs":600000},"retryStrategy":"BestEffortRetryStrategy","requestTracer":"ThresholdLoggingTracer","meter":"LoggingMeter","numRequestCallbacks":0,"scheduler":"ParallelScheduler","schedulerThreadCount":8,"transactionsConfig":{"durabilityLevel":"MAJORITY","timeoutMs":15000,"cleanupConfig":{"runLostAttemptsCleanupThread":true,"runRegularAttemptsCleanupThread":true,"cleanupWindowMs":60000,"cleanupSet":""},"numAtrs":1024,"metadataCollection":"none","scanConsistency":"none"}} {"connectionString":"couchbase://127.0.0.1","coreId":"0xe4a6b5ce0000000b","numCoreInstances":1}
2024-10-06 21:43:11 INFO  transactions:129 - [com.couchbase.transactions][TransactionsStartedEvent] Transactions successfully initialised, regular cleanup enabled=true, lost cleanup enabled=true
2024-10-06 21:43:11 INFO  node:129 - [com.couchbase.node][NodeCreatedEvent] Node created {"coreId":"0xe4a6b5ce0000000b","managerPort":"8091","remote":"127.0.0.1"}
2024-10-06 21:43:13 INFO  cleanup:107 - Waiting for 1 regular background threads to exit
2024-10-06 21:43:13 INFO  regular:134 - Stopping background cleanup thread for transactions from this client
2024-10-06 21:43:13 INFO  lost:153 - Client 2233c stopping lost cleanup process, 0 threads running
2024-10-06 21:43:13 INFO  lost:191 - Client 2233c stopped lost cleanup process and removed client from client records
2024-10-06 21:43:13 INFO  cleanup:121 - Background threads have exitted
2024-10-06 21:43:13 INFO  node:129 - [com.couchbase.node][NodeDisconnectedEvent][1303us] Node disconnected {"coreId":"0xe4a6b5ce0000000b","managerPort":"8091","remote":"127.0.0.1"}
2024-10-06 21:43:13 INFO  core:129 - [com.couchbase.core][ShutdownCompletedEvent][3008us] Completed shutdown and closed all open buckets {"coreId":"0xe4a6b5ce0000000b"}
]]></system-err>
  </testcase>
</testsuite>